INFO 2020-10-09 08:37:47,440 log_middleware __call__ admin1 POST /api/sys/artlist {'keywords': [''], 'pagenum': ['1'], 'pagesize': ['10']} 200 OK
INFO 2020-10-09 08:37:54,886 log_middleware __call__ admin1 POST /api/sys/cctv {} 200 OK
INFO 2020-10-09 08:37:55,011 log_middleware __call__ admin1 POST /api/sys/chinanews {} 200 OK
INFO 2020-10-09 08:37:58,238 log_middleware __call__ admin1 POST /api/sys/artlist {'keywords': [''], 'pagenum': ['1'], 'pagesize': ['10']} 200 OK
INFO 2020-10-09 09:05:16,075 log_middleware __call__ admin1 POST /api/sys/artlist {'keywords': [''], 'pagenum': ['1'], 'pagesize': ['10']} 200 OK
INFO 2020-10-09 09:05:59,068 log_middleware __call__ AnonymousUser POST /api/login/signin {} 200 OK
INFO 2020-10-09 09:06:06,636 log_middleware __call__ AnonymousUser POST /api/login/signout {} 200 OK
INFO 2020-10-09 09:06:12,371 log_middleware __call__ AnonymousUser POST /api/login/signreg {} 200 OK
INFO 2020-10-09 09:16:32,263 log_middleware __call__ AnonymousUser POST /api/login/signreg {'username': ['132465'], 'password': ['13465']} 200 OK
INFO 2020-10-09 09:16:39,980 log_middleware __call__ AnonymousUser POST /api/login/signin {'username': ['132465'], 'password': ['13465']} 500 Internal Server Error
INFO 2020-10-09 09:18:04,879 log_middleware __call__ AnonymousUser POST /api/login/signin {'username': ['132465'], 'password': ['13465']} 500 Internal Server Error
INFO 2020-10-09 09:18:27,618 log_middleware __call__ AnonymousUser POST /api/login/signin {'username': ['132465'], 'password': ['13465']} 500 Internal Server Error
INFO 2020-10-09 09:20:04,952 log_middleware __call__ AnonymousUser POST /api/login/signin {'username': ['132465'], 'password': ['13465']} 500 Internal Server Error
INFO 2020-10-09 09:20:27,280 log_middleware __call__ AnonymousUser POST /api/login/signin {'username': ['132465'], 'password': ['13465']} 500 Internal Server Error
INFO 2020-10-09 09:21:12,257 log_middleware __call__ AnonymousUser POST /api/login/signin {'username': ['132465'], 'password': ['13465']} 500 Internal Server Error
INFO 2020-10-09 09:22:51,404 log_middleware __call__ AnonymousUser POST /api/login/signin {'username': ['132465'], 'password': ['13465']} 500 Internal Server Error
INFO 2020-10-09 09:23:21,967 log_middleware __call__ AnonymousUser POST /api/login/signin {'username': ['132465'], 'password': ['13465']} 500 Internal Server Error
INFO 2020-10-09 09:25:49,747 log_middleware __call__ AnonymousUser POST /api/login/signin {'username': ['132465'], 'password': ['13465']} 500 Internal Server Error
INFO 2020-10-09 09:26:17,436 log_middleware __call__ AnonymousUser POST /api/login/signin {'username': ['132465'], 'password': ['13465']} 200 OK
INFO 2020-10-09 09:27:48,431 log_middleware __call__ AnonymousUser POST /api/login/signin {'username': ['132465'], 'password': ['13465']} 200 OK
INFO 2020-10-09 09:44:27,139 log_middleware __call__ AnonymousUser POST /api/login/signreg {'username': ['132465'], 'password': ['13465'], 'email': ['1305378470@qq.com'], 'sex': ['ÄÐ']} 500 Internal Server Error
INFO 2020-10-09 09:44:59,636 log_middleware __call__ AnonymousUser POST /api/login/signreg {'username': ['132465'], 'password': ['13465'], 'email': ['1305378470@qq.com'], 'sex': ['ÄÐ']} 500 Internal Server Error
INFO 2020-10-09 09:45:18,287 log_middleware __call__ AnonymousUser POST /api/login/signreg {'username': ['132465'], 'password': ['13465'], 'email': ['1305378470@qq.com'], 'sex': ['ÄÐ']} 500 Internal Server Error
INFO 2020-10-09 09:45:33,784 log_middleware __call__ AnonymousUser POST /api/login/signreg {'username': ['132465'], 'password': ['13465'], 'email': ['1305378470@qq.com'], 'sex': ['ÄÐ']} 500 Internal Server Error
INFO 2020-10-09 09:45:49,756 log_middleware __call__ AnonymousUser POST /api/login/signreg {'username': ['132465'], 'password': ['13465'], 'email': ['1305378470@qq.com'], 'sex': ['ÄÐ']} 500 Internal Server Error
INFO 2020-10-09 09:46:07,121 log_middleware __call__ AnonymousUser POST /api/login/signreg {'username': ['132465'], 'password': ['13465'], 'email': ['1305378470@qq.com'], 'sex': ['ÄÐ']} 500 Internal Server Error
INFO 2020-10-09 09:46:17,982 log_middleware __call__ AnonymousUser POST /api/login/signreg {'username': ['132465'], 'password': ['13465'], 'email': ['1305378470@qq.com'], 'sex': ['ÄÐ']} 500 Internal Server Error
INFO 2020-10-09 09:46:43,821 log_middleware __call__ AnonymousUser POST /api/login/signreg {'username': ['132465'], 'password': ['13465'], 'email': ['1305378470@qq.com'], 'sex': ['ÄÐ']} 500 Internal Server Error
INFO 2020-10-09 09:51:29,831 log_middleware __call__ AnonymousUser POST /api/login/signreg {'username': ['132465'], 'password': ['13465'], 'email': ['1305378470@qq.com'], 'sex': ['ÄÐ']} 500 Internal Server Error
INFO 2020-10-09 09:55:56,258 log_middleware __call__ AnonymousUser POST /api/login/signreg {'username': ['132465'], 'password': ['13465'], 'email': ['1305378470@qq.com'], 'sex': ['ÄÐ']} 200 OK
INFO 2020-10-09 09:56:45,077 log_middleware __call__ AnonymousUser POST /api/login/signreg {'username': ['132465'], 'password': ['13465'], 'email': ['1305378470@qq.com'], 'sex': ['ÄÐ']} 200 OK
INFO 2020-10-09 09:57:08,543 log_middleware __call__ AnonymousUser POST /api/login/signreg {'username': ['132465'], 'password': ['13465'], 'email': ['1305378470@qq.com'], 'sex': ['ÄÐ']} 200 OK
INFO 2020-10-09 09:57:59,905 log_middleware __call__ AnonymousUser POST /api/login/signreg {'username': ['132465'], 'password': ['13465'], 'email': ['1305378470@qq.com'], 'sex': ['ÄÐ']} 200 OK
INFO 2020-10-09 09:58:05,709 log_middleware __call__ AnonymousUser POST /api/login/signreg {'username': ['132465'], 'password': ['13465'], 'email': ['1305378471@qq.com'], 'sex': ['ÄÐ']} 500 Internal Server Error
INFO 2020-10-09 09:58:43,186 log_middleware __call__ AnonymousUser POST /api/login/signreg {'username': ['admin'], 'password': ['123456'], 'email': ['1305378471@qq.com'], 'sex': ['ÄÐ']} 500 Internal Server Error
INFO 2020-10-09 09:59:12,859 log_middleware __call__ AnonymousUser POST /api/login/signreg {'username': ['admin'], 'password': ['123456'], 'email': ['1305378471@qq.com'], 'sex': ['ÄÐ']} 200 OK
INFO 2020-10-09 09:59:59,856 log_middleware __call__ AnonymousUser POST /api/login/signreg {'username': ['admin'], 'password': ['123456'], 'email': ['1305378471@qq.com'], 'sex': ['ÄÐ']} 500 Internal Server Error
INFO 2020-10-09 10:00:17,078 log_middleware __call__ AnonymousUser POST /api/login/signreg {'username': ['admin'], 'password': ['123456'], 'email': ['1305378471@qq.com'], 'sex': ['ÄÐ']} 500 Internal Server Error
INFO 2020-10-09 10:00:36,081 log_middleware __call__ AnonymousUser POST /api/login/signreg {'username': ['admin'], 'password': ['123456'], 'email': ['1305378471@qq.com'], 'sex': ['ÄÐ']} 500 Internal Server Error
INFO 2020-10-09 10:01:08,900 log_middleware __call__ AnonymousUser POST /api/login/signreg {'username': ['admin'], 'password': ['123456'], 'email': ['1305378471@qq.com'], 'sex': ['ÄÐ']} 500 Internal Server Error
INFO 2020-10-09 10:03:20,680 log_middleware __call__ AnonymousUser POST /api/login/signreg {'username': ['admin1'], 'password': ['123456'], 'email': ['1305378472@qq.com'], 'sex': ['ÄÐ']} 500 Internal Server Error
INFO 2020-10-09 10:04:04,567 log_middleware __call__ AnonymousUser POST /api/login/signreg {'username': ['admin1'], 'password': ['123456'], 'email': ['1305378472@qq.com'], 'sex': ['ÄÐ']} 200 OK
INFO 2020-10-09 10:04:52,680 log_middleware __call__ AnonymousUser POST /api/login/signreg {'username': ['admin1'], 'password': ['123456'], 'email': ['1305378472@qq.com'], 'sex': ['ÄÐ']} 500 Internal Server Error
INFO 2020-10-09 10:07:34,183 log_middleware __call__ AnonymousUser POST /api/login/signreg {'username': ['admin1'], 'password': ['123456'], 'email': ['1305378472@qq.com'], 'sex': ['ÄÐ']} 200 OK
INFO 2020-10-09 10:07:49,595 log_middleware __call__ AnonymousUser POST /api/login/signreg {'username': ['admin'], 'password': ['123456'], 'email': ['1305378472@qq.com'], 'sex': ['ÄÐ']} 200 OK
INFO 2020-10-09 10:07:54,382 log_middleware __call__ AnonymousUser POST /api/login/signreg {'username': ['admin'], 'password': ['123456'], 'email': ['1305378470@qq.com'], 'sex': ['ÄÐ']} 200 OK
INFO 2020-10-09 10:08:06,352 log_middleware __call__ AnonymousUser POST /api/login/signreg {'username': ['admin'], 'password': ['123456'], 'email': ['1305378470@qq.com'], 'sex': ['ÄÐ']} 200 OK
INFO 2020-10-09 10:17:41,896 log_middleware __call__ AnonymousUser POST /api/sys/reg {'username': ['admin'], 'password': ['123456'], 'email': ['1305378470@qq.com'], 'sex': ['ÄÐ']} 404 Not Found
INFO 2020-10-09 10:18:13,665 log_middleware __call__ AnonymousUser POST /api/sys/reg {'username': ['admin'], 'password': ['123456'], 'email': ['1305378470@qq.com'], 'sex': ['ÄÐ']} 200 OK
INFO 2020-10-09 10:21:51,647 log_middleware __call__ AnonymousUser POST /api/sys/reg {'username': ['admin666'], 'password': ['123456'], 'email': ['1305378470@qq.com'], 'sex': ['ÄÐ']} 200 OK
INFO 2020-10-09 10:22:33,951 log_middleware __call__ AnonymousUser POST /api/sys/reg {'username': ['admin666'], 'password': ['123456'], 'email': ['1305378470@qq.com'], 'sex': ['ÄÐ']} 200 OK
INFO 2020-10-09 10:23:01,541 log_middleware __call__ AnonymousUser POST /api/sys/reg {'username': ['admin'], 'password': ['123456'], 'email': ['1305378470@qq.com'], 'sex': ['ÄÐ']} 200 OK
INFO 2020-10-09 10:24:48,776 log_middleware __call__ AnonymousUser POST /api/sys/reg {'username': ['admin'], 'password': ['123456'], 'email': ['1305378470@qq.com'], 'sex': ['ÄÐ']} 500 Internal Server Error
INFO 2020-10-09 10:25:59,645 log_middleware __call__ AnonymousUser POST /api/sys/reg {'username': ['admin'], 'password': ['123456'], 'email': ['1305378470@qq.com'], 'sex': ['ÄÐ']} 200 OK
INFO 2020-10-09 10:27:46,491 log_middleware __call__ AnonymousUser POST /api/sys/reg {'username': ['admin123'], 'password': ['123456'], 'email': ['1305378470@qq.com']} 200 OK
INFO 2020-10-09 10:28:31,534 log_middleware __call__ AnonymousUser POST /api/sys/signin {'username': ['admin123'], 'password': ['123456']} 200 OK
INFO 2020-10-09 10:29:42,980 log_middleware __call__ admin123 POST /api/sys/signin {'username': ['admin123'], 'password': ['123456']} 200 OK
INFO 2020-10-09 10:29:50,634 log_middleware __call__ admin1 POST /api/sys/signin {'username': ['admin1'], 'password': ['123456']} 200 OK
INFO 2020-10-09 10:42:09,200 log_middleware __call__ admin1 POST /api/sys/updatasign {'username': ['admin1'], 'password': ['123456']} 500 Internal Server Error
INFO 2020-10-09 10:42:44,983 log_middleware __call__ admin1 POST /api/sys/updatasign {'username': ['admin1'], 'password': ['654321']} 200 OK
INFO 2020-10-09 10:43:21,640 log_middleware __call__ AnonymousUser POST /api/sys/updatasign {'username': ['admin1'], 'password': ['123456'], 'password2': ['654321']} 500 Internal Server Error
INFO 2020-10-09 10:43:43,078 log_middleware __call__ AnonymousUser POST /api/sys/updatasign {'username': ['admin1'], 'password': ['123456'], 'password2': ['654321']} 200 OK
INFO 2020-10-09 10:43:58,672 log_middleware __call__ AnonymousUser POST /api/sys/signin {'username': ['admin1'], 'password': ['123456']} 200 OK
INFO 2020-10-09 10:44:03,862 log_middleware __call__ admin1 POST /api/sys/signin {'username': ['admin1'], 'password': ['654321']} 200 OK
INFO 2020-10-09 10:44:28,089 log_middleware __call__ AnonymousUser POST /api/sys/updatasign {'username': ['admin1'], 'password': ['654321'], 'password2': ['123456']} 500 Internal Server Error
INFO 2020-10-09 10:44:51,691 log_middleware __call__ AnonymousUser POST /api/sys/signin {'username': ['admin1'], 'password': ['654321']} 200 OK
INFO 2020-10-09 10:44:58,509 log_middleware __call__ admin1 POST /api/sys/signin {'username': ['admin1'], 'password': ['123456']} 200 OK
INFO 2020-10-09 10:45:18,767 log_middleware __call__ AnonymousUser POST /api/sys/updatasign {'username': ['admin1'], 'password': ['123456'], 'password2': ['654321']} 500 Internal Server Error
INFO 2020-10-09 10:45:31,042 log_middleware __call__ AnonymousUser POST /api/sys/signin {'username': ['admin1'], 'password': ['123456']} 200 OK
INFO 2020-10-09 10:45:36,279 log_middleware __call__ admin1 POST /api/sys/signin {'username': ['admin1'], 'password': ['654321']} 200 OK
INFO 2020-10-09 10:45:59,798 log_middleware __call__ AnonymousUser POST /api/sys/updatasign {'username': ['admin1'], 'password': ['654321'], 'password2': ['123456']} 500 Internal Server Error
INFO 2020-10-09 10:46:34,120 log_middleware __call__ AnonymousUser POST /api/sys/signin {'username': ['admin1'], 'password': ['654321']} 200 OK
INFO 2020-10-09 10:46:39,129 log_middleware __call__ admin1 POST /api/sys/signin {'username': ['admin1'], 'password': ['123456']} 200 OK
INFO 2020-10-09 10:47:23,959 log_middleware __call__ AnonymousUser POST /api/sys/updatasign {'username': ['admin1'], 'password': ['123456'], 'password2': ['654321']} 200 OK
INFO 2020-10-09 11:01:28,078 log_middleware __call__ AnonymousUser POST /api/sys/signout {'username': ['admin1'], 'password': ['123456'], 'password2': ['654321']} 200 OK
INFO 2020-10-09 11:01:51,505 log_middleware __call__ admin1 POST /api/sys/signin {'username': ['admin1'], 'password': ['654321']} 200 OK
INFO 2020-10-09 11:01:56,544 log_middleware __call__ AnonymousUser POST /api/sys/signout {'username': ['admin1'], 'password': ['654321']} 200 OK
INFO 2020-10-09 11:02:02,351 log_middleware __call__ AnonymousUser POST /api/sys/artlist {'username': ['admin1'], 'password': ['654321']} 302 Found
INFO 2020-10-09 11:02:56,853 log_middleware __call__ AnonymousUser POST /api/sys/artlist {'username': ['admin1'], 'password': ['654321']} 200 OK
INFO 2020-10-09 11:03:13,151 log_middleware __call__ AnonymousUser POST /api/sys/sigin {'username': ['admin1'], 'password': ['654321']} 200 OK
INFO 2020-10-09 11:03:23,730 log_middleware __call__ AnonymousUser POST /api/sys/sigin {'username': ['admin1'], 'password': ['654321']} 200 OK
INFO 2020-10-09 11:04:13,818 log_middleware __call__ AnonymousUser POST /api/sys/sigin {'username': ['admin1'], 'password': ['654321']} 200 OK
INFO 2020-10-09 11:04:19,664 log_middleware __call__ admin1 POST /api/sys/signin {'username': ['admin1'], 'password': ['654321']} 200 OK
INFO 2020-10-09 11:04:37,660 log_middleware __call__ admin1 POST /api/sys/artlist {'username': ['admin1'], 'password': ['654321']} 200 OK
INFO 2020-10-09 11:05:09,957 log_middleware __call__ admin1 POST /api/sys/artlist {'username': ['admin1'], 'password': ['654321']} 200 OK
INFO 2020-10-09 11:06:36,971 log_middleware __call__ admin1 POST /api/sys/artlist {'username': ['admin1'], 'password': ['654321']} 200 OK
INFO 2020-10-09 11:07:05,196 log_middleware __call__ admin1 POST /api/sys/artlist {'username': ['admin1'], 'password': ['654321']} 500 Internal Server Error
INFO 2020-10-09 11:07:45,248 log_middleware __call__ admin1 POST /api/sys/artlist {'username': ['admin1'], 'password': ['654321']} 500 Internal Server Error
INFO 2020-10-09 11:10:32,001 log_middleware __call__ admin1 POST /api/sys/artlist {'username': ['admin1'], 'password': ['654321']} 200 OK
INFO 2020-10-09 11:10:53,407 log_middleware __call__ admin1 POST /api/sys/artlist {'keywords': [''], 'pagenum': ['1'], 'pagesize': ['10']} 200 OK
INFO 2020-10-09 11:11:01,388 log_middleware __call__ AnonymousUser POST /api/sys/signout {'keywords': [''], 'pagenum': ['1'], 'pagesize': ['10']} 200 OK
INFO 2020-10-09 11:11:06,845 log_middleware __call__ AnonymousUser POST /api/sys/artlist {'keywords': [''], 'pagenum': ['1'], 'pagesize': ['10']} 200 OK
INFO 2020-10-09 11:23:04,376 log_middleware __call__ AnonymousUser POST /api/sys/signin {'username': ['admin1'], 'password': ['123456']} 200 OK
INFO 2020-10-09 11:23:11,167 log_middleware __call__ admin1 POST /api/sys/signin {'username': ['admin1'], 'password': ['654321']} 200 OK
INFO 2020-10-09 11:23:11,279 log_middleware __call__ admin1 POST /api/sys/artlist {'keywords': [''], 'pagenum': ['1'], 'pagesize': ['10']} 200 OK
INFO 2020-10-09 11:27:54,793 log_middleware __call__ admin1 POST /api/sys/artlist {'keywords': [''], 'pagenum': ['1'], 'pagesize': ['10']} 200 OK
INFO 2020-10-09 11:40:56,057 log_middleware __call__ AnonymousUser POST /api/sys/artlist {'keywords': [''], 'pagenum': ['1'], 'pagesize': ['10']} 200 OK
INFO 2020-10-09 11:40:57,798 log_middleware __call__ AnonymousUser POST /api/sys/artlist {'keywords': [''], 'pagenum': ['1'], 'pagesize': ['10']} 200 OK
INFO 2020-10-09 11:41:11,026 log_middleware __call__ admin1 POST /api/sys/signin {'username': ['admin1'], 'password': ['654321']} 200 OK
INFO 2020-10-09 11:41:23,459 log_middleware __call__ admin1 POST /api/sys/artlist {'keywords': [''], 'pagenum': ['1'], 'pagesize': ['10']} 200 OK
INFO 2020-10-09 11:41:45,958 log_middleware __call__ AnonymousUser POST /api/sys/signout {'keywords': [''], 'pagenum': ['1'], 'pagesize': ['10']} 200 OK
INFO 2020-10-09 11:41:51,231 log_middleware __call__ AnonymousUser POST /api/sys/artlist {'keywords': [''], 'pagenum': ['1'], 'pagesize': ['10']} 200 OK
INFO 2020-10-09 11:58:47,431 log_middleware __call__ admin1 POST /api/sys/cctv {} 200 OK
INFO 2020-10-09 11:58:47,485 log_middleware __call__ admin1 POST /api/sys/chinanews {} 200 OK
INFO 2020-10-09 14:46:52,892 log_middleware __call__ admin1 POST /api/sys/artlist {'keywords': [''], 'pagenum': ['1'], 'pagesize': ['10']} 200 OK
INFO 2020-10-09 16:18:16,843 log_middleware __call__ admin1 POST /api/sys/artlist {'keywords': [''], 'pagenum': ['1'], 'pagesize': ['10']} 200 OK
INFO 2020-10-09 16:35:20,074 log_middleware __call__ admin1 POST /api/sys/artlist {'keywords': [''], 'pagenum': ['1'], 'pagesize': ['10']} 200 OK
INFO 2020-10-09 16:35:22,339 log_middleware __call__ admin1 POST /api/sys/cctv {} 200 OK
INFO 2020-10-09 16:35:22,546 log_middleware __call__ admin1 POST /api/sys/chinanews {} 200 OK
INFO 2020-10-09 16:35:29,522 log_middleware __call__ admin1 POST /api/sys/artlist {'keywords': [''], 'pagenum': ['1'], 'pagesize': ['10']} 200 OK
INFO 2020-10-09 16:35:53,348 log_middleware __call__ admin1 POST /api/sys/artlist {'keywords': [''], 'pagenum': ['1'], 'pagesize': ['10']} 200 OK
INFO 2020-10-09 16:36:07,790 log_middleware __call__ admin1 POST /api/sys/artlist {'keywords': [''], 'pagenum': ['1'], 'pagesize': ['10']} 200 OK
INFO 2020-10-09 16:46:46,329 log_middleware __call__ admin1 POST /api/sys/artlist {'keywords': [''], 'pagenum': ['1'], 'pagesize': ['10']} 200 OK
INFO 2020-10-09 16:52:46,117 log_middleware __call__ admin1 POST /api/sys/artlist {'keywords': [''], 'pagenum': ['1'], 'pagesize': ['10']} 200 OK
INFO 2020-10-09 17:03:04,058 log_middleware __call__ admin1 POST /api/sys/artlist {'keywords': [''], 'pagenum': ['1'], 'pagesize': ['10']} 200 OK
INFO 2020-10-09 17:03:05,441 log_middleware __call__ admin1 POST /api/sys/chinanews {} 200 OK
INFO 2020-10-09 17:03:05,564 log_middleware __call__ admin1 POST /api/sys/cctv {} 200 OK
INFO 2020-10-09 17:26:20,999 log_middleware __call__ admin1 POST /api/sys/artlist {'keywords': [''], 'pagenum': ['1'], 'pagesize': ['10']} 200 OK
INFO 2020-10-09 17:26:34,742 log_middleware __call__ admin1 POST /api/sys/artlist {'keywords': [''], 'pagenum': ['1'], 'pagesize': ['10']} 200 OK
INFO 2020-10-10 16:20:40,153 log_middleware __call__ admin1 POST /api/sys/signin {'username': ['admin1'], 'password': ['654321']} 403 Forbidden
INFO 2020-10-10 16:20:59,752 log_middleware __call__ admin1 POST /api/sys/signin {'username': ['admin1'], 'password': ['654321']} 403 Forbidden
INFO 2020-10-10 16:21:21,465 log_middleware __call__ admin1 POST /api/sys/signin {'username': ['admin1'], 'password': ['654321']} 200 OK
INFO 2020-10-10 16:21:22,011 log_middleware __call__ admin1 POST /api/sys/artlist {'keywords': [''], 'pagenum': ['1'], 'pagesize': ['10']} 200 OK
INFO 2020-10-10 16:26:02,169 log_middleware __call__ admin1 POST /api/sys/chinanews {} 200 OK
INFO 2020-10-10 16:26:02,176 log_middleware __call__ admin1 POST /api/sys/cctv {} 200 OK
