2020-10-09 08:37:47,440 FuncName:log_message LINE:124 [INFO]- "POST /api/sys/artlist HTTP/1.1" 200 1875
2020-10-09 08:37:54,887 FuncName:log_message LINE:124 [INFO]- "POST /api/sys/cctv HTTP/1.1" 200 33560
2020-10-09 08:37:55,012 FuncName:log_message LINE:124 [INFO]- "POST /api/sys/chinanews HTTP/1.1" 200 12193
2020-10-09 08:37:58,239 FuncName:log_message LINE:124 [INFO]- "POST /api/sys/artlist HTTP/1.1" 200 1875
2020-10-09 09:05:16,075 FuncName:log_message LINE:124 [INFO]- "POST /api/sys/artlist HTTP/1.1" 200 1865
2020-10-09 09:05:59,069 FuncName:log_message LINE:124 [INFO]- "POST /api/login/signin HTTP/1.1" 200 10
2020-10-09 09:06:06,637 FuncName:log_message LINE:124 [INFO]- "POST /api/login/signout HTTP/1.1" 200 10
2020-10-09 09:06:12,371 FuncName:log_message LINE:124 [INFO]- "POST /api/login/signreg HTTP/1.1" 200 10
2020-10-09 09:16:32,264 FuncName:log_message LINE:124 [INFO]- "POST /api/login/signreg HTTP/1.1" 200 10
2020-10-09 09:16:39,981 FuncName:log_message LINE:124 [ERROR]- "POST /api/login/signin HTTP/1.1" 500 109569
2020-10-09 09:18:04,880 FuncName:log_message LINE:124 [ERROR]- "POST /api/login/signin HTTP/1.1" 500 113656
2020-10-09 09:18:27,619 FuncName:log_message LINE:124 [ERROR]- "POST /api/login/signin HTTP/1.1" 500 113586
2020-10-09 09:20:04,952 FuncName:log_message LINE:124 [ERROR]- "POST /api/login/signin HTTP/1.1" 500 113630
2020-10-09 09:20:27,281 FuncName:log_message LINE:124 [ERROR]- "POST /api/login/signin HTTP/1.1" 500 109525
2020-10-09 09:21:12,258 FuncName:log_message LINE:124 [ERROR]- "POST /api/login/signin HTTP/1.1" 500 109365
2020-10-09 09:22:51,404 FuncName:log_message LINE:124 [ERROR]- "POST /api/login/signin HTTP/1.1" 500 109410
2020-10-09 09:23:21,967 FuncName:log_message LINE:124 [ERROR]- "POST /api/login/signin HTTP/1.1" 500 113246
2020-10-09 09:25:49,748 FuncName:log_message LINE:124 [ERROR]- "POST /api/login/signin HTTP/1.1" 500 70839
2020-10-09 09:26:17,436 FuncName:log_message LINE:124 [INFO]- "POST /api/login/signin HTTP/1.1" 200 65
2020-10-09 09:27:48,432 FuncName:log_message LINE:124 [INFO]- "POST /api/login/signin HTTP/1.1" 200 65
2020-10-09 09:44:27,140 FuncName:log_message LINE:124 [ERROR]- "POST /api/login/signreg HTTP/1.1" 500 109486
2020-10-09 09:44:59,637 FuncName:log_message LINE:124 [ERROR]- "POST /api/login/signreg HTTP/1.1" 500 109398
2020-10-09 09:45:18,288 FuncName:log_message LINE:124 [ERROR]- "POST /api/login/signreg HTTP/1.1" 500 109400
2020-10-09 09:45:33,785 FuncName:log_message LINE:124 [ERROR]- "POST /api/login/signreg HTTP/1.1" 500 109395
2020-10-09 09:45:49,757 FuncName:log_message LINE:124 [ERROR]- "POST /api/login/signreg HTTP/1.1" 500 109399
2020-10-09 09:46:07,122 FuncName:log_message LINE:124 [ERROR]- "POST /api/login/signreg HTTP/1.1" 500 113198
2020-10-09 09:46:17,982 FuncName:log_message LINE:124 [ERROR]- "POST /api/login/signreg HTTP/1.1" 500 113200
2020-10-09 09:46:43,822 FuncName:log_message LINE:124 [ERROR]- "POST /api/login/signreg HTTP/1.1" 500 114036
2020-10-09 09:51:29,832 FuncName:log_message LINE:124 [ERROR]- "POST /api/login/signreg HTTP/1.1" 500 109453
2020-10-09 09:55:56,259 FuncName:log_message LINE:124 [INFO]- "POST /api/login/signreg HTTP/1.1" 200 129
2020-10-09 09:56:45,078 FuncName:log_message LINE:124 [INFO]- "POST /api/login/signreg HTTP/1.1" 200 129
2020-10-09 09:57:08,543 FuncName:log_message LINE:124 [INFO]- "POST /api/login/signreg HTTP/1.1" 200 45
2020-10-09 09:57:59,906 FuncName:log_message LINE:124 [INFO]- "POST /api/login/signreg HTTP/1.1" 200 129
2020-10-09 09:58:05,711 FuncName:log_message LINE:124 [ERROR]- "POST /api/login/signreg HTTP/1.1" 500 274643
2020-10-09 09:58:43,187 FuncName:log_message LINE:124 [ERROR]- "POST /api/login/signreg HTTP/1.1" 500 274617
2020-10-09 09:59:12,860 FuncName:log_message LINE:124 [INFO]- "POST /api/login/signreg HTTP/1.1" 200 117
2020-10-09 09:59:59,857 FuncName:log_message LINE:124 [ERROR]- "POST /api/login/signreg HTTP/1.1" 500 245256
2020-10-09 10:00:17,079 FuncName:log_message LINE:124 [ERROR]- "POST /api/login/signreg HTTP/1.1" 500 245180
2020-10-09 10:00:36,082 FuncName:log_message LINE:124 [ERROR]- "POST /api/login/signreg HTTP/1.1" 500 245179
2020-10-09 10:01:08,901 FuncName:log_message LINE:124 [ERROR]- "POST /api/login/signreg HTTP/1.1" 500 245134
2020-10-09 10:03:20,680 FuncName:log_message LINE:124 [ERROR]- "POST /api/login/signreg HTTP/1.1" 500 245138
2020-10-09 10:04:04,567 FuncName:log_message LINE:124 [INFO]- "POST /api/login/signreg HTTP/1.1" 200 75
2020-10-09 10:04:52,681 FuncName:log_message LINE:124 [ERROR]- "POST /api/login/signreg HTTP/1.1" 500 219229
2020-10-09 10:07:34,184 FuncName:log_message LINE:124 [INFO]- "POST /api/login/signreg HTTP/1.1" 200 45
2020-10-09 10:07:49,596 FuncName:log_message LINE:124 [INFO]- "POST /api/login/signreg HTTP/1.1" 200 129
2020-10-09 10:07:54,383 FuncName:log_message LINE:124 [INFO]- "POST /api/login/signreg HTTP/1.1" 200 129
2020-10-09 10:08:06,353 FuncName:log_message LINE:124 [INFO]- "POST /api/login/signreg HTTP/1.1" 200 45
2020-10-09 10:17:41,897 FuncName:log_message LINE:124 [WARNING]- "POST /api/sys/reg HTTP/1.1" 404 3709
2020-10-09 10:18:13,666 FuncName:log_message LINE:124 [INFO]- "POST /api/sys/reg HTTP/1.1" 200 75
2020-10-09 10:21:51,648 FuncName:log_message LINE:124 [INFO]- "POST /api/sys/reg HTTP/1.1" 200 75
2020-10-09 10:22:33,951 FuncName:log_message LINE:124 [INFO]- "POST /api/sys/reg HTTP/1.1" 200 45
2020-10-09 10:23:01,542 FuncName:log_message LINE:124 [INFO]- "POST /api/sys/reg HTTP/1.1" 200 75
2020-10-09 10:24:48,782 FuncName:log_message LINE:124 [ERROR]- "POST /api/sys/reg HTTP/1.1" 500 229081
2020-10-09 10:25:59,646 FuncName:log_message LINE:124 [INFO]- "POST /api/sys/reg HTTP/1.1" 200 82
2020-10-09 10:27:46,491 FuncName:log_message LINE:124 [INFO]- "POST /api/sys/reg HTTP/1.1" 200 45
2020-10-09 10:28:31,535 FuncName:log_message LINE:124 [INFO]- "POST /api/sys/signin HTTP/1.1" 200 84
2020-10-09 10:29:42,982 FuncName:log_message LINE:124 [INFO]- "POST /api/sys/signin HTTP/1.1" 200 36
2020-10-09 10:29:50,637 FuncName:log_message LINE:124 [INFO]- "POST /api/sys/signin HTTP/1.1" 200 42
2020-10-09 10:42:09,201 FuncName:log_message LINE:124 [ERROR]- "POST /api/sys/updatasign HTTP/1.1" 500 62740
2020-10-09 10:42:44,984 FuncName:log_message LINE:124 [INFO]- "POST /api/sys/updatasign HTTP/1.1" 200 48
2020-10-09 10:43:21,641 FuncName:log_message LINE:124 [ERROR]- "POST /api/sys/updatasign HTTP/1.1" 500 62880
2020-10-09 10:43:43,079 FuncName:log_message LINE:124 [INFO]- "POST /api/sys/updatasign HTTP/1.1" 200 48
2020-10-09 10:43:58,673 FuncName:log_message LINE:124 [INFO]- "POST /api/sys/signin HTTP/1.1" 200 78
2020-10-09 10:44:03,864 FuncName:log_message LINE:124 [INFO]- "POST /api/sys/signin HTTP/1.1" 200 42
2020-10-09 10:44:28,089 FuncName:log_message LINE:124 [ERROR]- "POST /api/sys/updatasign HTTP/1.1" 500 62880
2020-10-09 10:44:51,691 FuncName:log_message LINE:124 [INFO]- "POST /api/sys/signin HTTP/1.1" 200 78
2020-10-09 10:44:58,510 FuncName:log_message LINE:124 [INFO]- "POST /api/sys/signin HTTP/1.1" 200 42
2020-10-09 10:45:18,768 FuncName:log_message LINE:124 [ERROR]- "POST /api/sys/updatasign HTTP/1.1" 500 62880
2020-10-09 10:45:31,043 FuncName:log_message LINE:124 [INFO]- "POST /api/sys/signin HTTP/1.1" 200 78
2020-10-09 10:45:36,281 FuncName:log_message LINE:124 [INFO]- "POST /api/sys/signin HTTP/1.1" 200 42
2020-10-09 10:45:59,799 FuncName:log_message LINE:124 [ERROR]- "POST /api/sys/updatasign HTTP/1.1" 500 62847
2020-10-09 10:46:34,120 FuncName:log_message LINE:124 [INFO]- "POST /api/sys/signin HTTP/1.1" 200 78
2020-10-09 10:46:39,131 FuncName:log_message LINE:124 [INFO]- "POST /api/sys/signin HTTP/1.1" 200 42
2020-10-09 10:47:23,960 FuncName:log_message LINE:124 [INFO]- "POST /api/sys/updatasign HTTP/1.1" 200 48
2020-10-09 11:01:28,079 FuncName:log_message LINE:124 [INFO]- "POST /api/sys/signout HTTP/1.1" 200 13
2020-10-09 11:01:51,507 FuncName:log_message LINE:124 [INFO]- "POST /api/sys/signin HTTP/1.1" 200 42
2020-10-09 11:01:56,545 FuncName:log_message LINE:124 [INFO]- "POST /api/sys/signout HTTP/1.1" 200 13
2020-10-09 11:02:02,352 FuncName:log_message LINE:124 [INFO]- "POST /api/sys/artlist HTTP/1.1" 302 0
2020-10-09 11:02:56,854 FuncName:log_message LINE:124 [INFO]- "POST /api/sys/artlist HTTP/1.1" 200 57
2020-10-09 11:03:13,151 FuncName:log_message LINE:124 [INFO]- "POST /api/sys/sigin HTTP/1.1" 200 57
2020-10-09 11:03:23,733 FuncName:log_message LINE:124 [INFO]- "POST /api/sys/sigin HTTP/1.1" 200 57
2020-10-09 11:04:13,819 FuncName:log_message LINE:124 [INFO]- "POST /api/sys/sigin HTTP/1.1" 200 57
2020-10-09 11:04:19,666 FuncName:log_message LINE:124 [INFO]- "POST /api/sys/signin HTTP/1.1" 200 42
2020-10-09 11:04:37,661 FuncName:log_message LINE:124 [INFO]- "POST /api/sys/artlist HTTP/1.1" 200 57
2020-10-09 11:05:09,958 FuncName:log_message LINE:124 [INFO]- "POST /api/sys/artlist HTTP/1.1" 200 57
2020-10-09 11:06:36,972 FuncName:log_message LINE:124 [INFO]- "POST /api/sys/artlist HTTP/1.1" 200 57
2020-10-09 11:07:05,196 FuncName:log_message LINE:124 [ERROR]- "POST /api/sys/artlist HTTP/1.1" 500 122522
2020-10-09 11:07:45,249 FuncName:log_message LINE:124 [ERROR]- "POST /api/sys/artlist HTTP/1.1" 500 122522
2020-10-09 11:10:32,001 FuncName:log_message LINE:124 [INFO]- "POST /api/sys/artlist HTTP/1.1" 200 55
2020-10-09 11:10:53,408 FuncName:log_message LINE:124 [INFO]- "POST /api/sys/artlist HTTP/1.1" 200 1865
2020-10-09 11:11:01,388 FuncName:log_message LINE:124 [INFO]- "POST /api/sys/signout HTTP/1.1" 200 13
2020-10-09 11:11:06,846 FuncName:log_message LINE:124 [INFO]- "POST /api/sys/artlist HTTP/1.1" 200 57
2020-10-09 11:23:04,377 FuncName:log_message LINE:124 [INFO]- "POST /api/sys/signin HTTP/1.1" 200 78
2020-10-09 11:23:11,168 FuncName:log_message LINE:124 [INFO]- "POST /api/sys/signin HTTP/1.1" 200 42
2020-10-09 11:23:11,280 FuncName:log_message LINE:124 [INFO]- "POST /api/sys/artlist HTTP/1.1" 200 1865
2020-10-09 11:27:54,794 FuncName:log_message LINE:124 [INFO]- "POST /api/sys/artlist HTTP/1.1" 200 1865
2020-10-09 11:40:56,057 FuncName:log_message LINE:124 [INFO]- "POST /api/sys/artlist HTTP/1.1" 200 57
2020-10-09 11:40:57,798 FuncName:log_message LINE:124 [INFO]- "POST /api/sys/artlist HTTP/1.1" 200 57
2020-10-09 11:41:11,028 FuncName:log_message LINE:124 [INFO]- "POST /api/sys/signin HTTP/1.1" 200 42
2020-10-09 11:41:23,459 FuncName:log_message LINE:124 [INFO]- "POST /api/sys/artlist HTTP/1.1" 200 1865
2020-10-09 11:41:45,959 FuncName:log_message LINE:124 [INFO]- "POST /api/sys/signout HTTP/1.1" 200 13
2020-10-09 11:41:51,231 FuncName:log_message LINE:124 [INFO]- "POST /api/sys/artlist HTTP/1.1" 200 57
2020-10-09 11:56:18,119 FuncName:log_message LINE:124 [INFO]- "GET /jw HTTP/1.1" 200 57
2020-10-09 11:56:21,120 FuncName:log_message LINE:124 [INFO]- "GET /favicon.ico HTTP/1.1" 200 57
2020-10-09 11:56:28,647 FuncName:log_message LINE:124 [INFO]- "GET /jw HTTP/1.1" 200 57
2020-10-09 11:56:28,698 FuncName:log_message LINE:124 [INFO]- "GET /favicon.ico HTTP/1.1" 200 57
2020-10-09 11:58:47,432 FuncName:log_message LINE:124 [INFO]- "POST /api/sys/cctv HTTP/1.1" 200 33560
2020-10-09 11:58:47,486 FuncName:log_message LINE:124 [INFO]- "POST /api/sys/chinanews HTTP/1.1" 200 12193
2020-10-09 14:46:52,894 FuncName:log_message LINE:124 [INFO]- "POST /api/sys/artlist HTTP/1.1" 200 1865
2020-10-09 16:18:16,843 FuncName:log_message LINE:124 [INFO]- "POST /api/sys/artlist HTTP/1.1" 200 1865
2020-10-09 16:35:20,074 FuncName:log_message LINE:124 [INFO]- "POST /api/sys/artlist HTTP/1.1" 200 1865
2020-10-09 16:35:22,340 FuncName:log_message LINE:124 [INFO]- "POST /api/sys/cctv HTTP/1.1" 200 33560
2020-10-09 16:35:22,546 FuncName:log_message LINE:124 [INFO]- "POST /api/sys/chinanews HTTP/1.1" 200 12193
2020-10-09 16:35:29,523 FuncName:log_message LINE:124 [INFO]- "POST /api/sys/artlist HTTP/1.1" 200 1865
2020-10-09 16:35:53,349 FuncName:log_message LINE:124 [INFO]- "POST /api/sys/artlist HTTP/1.1" 200 1865
2020-10-09 16:36:07,790 FuncName:log_message LINE:124 [INFO]- "POST /api/sys/artlist HTTP/1.1" 200 1865
2020-10-09 16:46:46,330 FuncName:log_message LINE:124 [INFO]- "POST /api/sys/artlist HTTP/1.1" 200 1865
2020-10-09 16:52:46,118 FuncName:log_message LINE:124 [INFO]- "POST /api/sys/artlist HTTP/1.1" 200 1865
2020-10-09 17:03:04,059 FuncName:log_message LINE:124 [INFO]- "POST /api/sys/artlist HTTP/1.1" 200 1865
2020-10-09 17:03:05,441 FuncName:log_message LINE:124 [INFO]- "POST /api/sys/chinanews HTTP/1.1" 200 12193
2020-10-09 17:03:05,565 FuncName:log_message LINE:124 [INFO]- "POST /api/sys/cctv HTTP/1.1" 200 33560
2020-10-09 17:26:21,000 FuncName:log_message LINE:124 [INFO]- "POST /api/sys/artlist HTTP/1.1" 200 1865
2020-10-09 17:26:34,743 FuncName:log_message LINE:124 [INFO]- "POST /api/sys/artlist HTTP/1.1" 200 1865
2020-10-10 16:11:36,798 FuncName:log_message LINE:124 [WARNING]- "GET / HTTP/1.1" 404 2144
2020-10-10 16:11:36,890 FuncName:log_message LINE:124 [WARNING]- "GET /favicon.ico HTTP/1.1" 404 2195
2020-10-10 16:15:29,497 FuncName:log_message LINE:124 [INFO]- "GET / HTTP/1.1" 200 57
2020-10-10 16:15:30,158 FuncName:log_message LINE:124 [INFO]- "GET /favicon.ico HTTP/1.1" 200 57
2020-10-10 16:15:47,776 FuncName:log_message LINE:124 [INFO]- "GET /api/sys/demo HTTP/1.1" 200 57
2020-10-10 16:15:47,831 FuncName:log_message LINE:124 [INFO]- "GET /favicon.ico HTTP/1.1" 200 57
2020-10-10 16:17:57,961 FuncName:log_message LINE:124 [INFO]- "GET /api/sys/demo HTTP/1.1" 200 57
2020-10-10 16:17:57,974 FuncName:log_message LINE:124 [INFO]- "GET /favicon.ico HTTP/1.1" 200 57
2020-10-10 16:20:40,142 FuncName:log_response LINE:222 [WARNING]- Forbidden (CSRF cookie not set.): /api/sys/signin
2020-10-10 16:20:40,154 FuncName:log_message LINE:124 [WARNING]- "POST /api/sys/signin HTTP/1.1" 403 2840
2020-10-10 16:20:59,735 FuncName:log_response LINE:222 [WARNING]- Forbidden (CSRF cookie not set.): /api/sys/signin
2020-10-10 16:20:59,753 FuncName:log_message LINE:124 [WARNING]- "POST /api/sys/signin HTTP/1.1" 403 2840
2020-10-10 16:21:21,467 FuncName:log_message LINE:124 [INFO]- "POST /api/sys/signin HTTP/1.1" 200 42
2020-10-10 16:21:22,012 FuncName:log_message LINE:124 [INFO]- "POST /api/sys/artlist HTTP/1.1" 200 1865
2020-10-10 16:26:02,170 FuncName:log_message LINE:124 [INFO]- "POST /api/sys/chinanews HTTP/1.1" 200 12796
2020-10-10 16:26:02,177 FuncName:log_message LINE:124 [INFO]- "POST /api/sys/cctv HTTP/1.1" 200 41651
2020-10-14 10:31:18,171 FuncName:log_message LINE:124 [INFO]- "GET / HTTP/1.1" 200 57
2020-10-14 10:31:18,246 FuncName:log_message LINE:124 [INFO]- "GET /favicon.ico HTTP/1.1" 200 57
2020-10-14 10:33:09,290 FuncName:log_message LINE:124 [INFO]- "GET /docs HTTP/1.1" 301 0
2020-10-14 10:33:09,297 FuncName:log_message LINE:124 [INFO]- "GET /docs/ HTTP/1.1" 200 57
2020-10-14 10:33:09,317 FuncName:log_message LINE:124 [INFO]- "GET /favicon.ico HTTP/1.1" 200 57
2020-10-14 10:38:02,698 FuncName:log_message LINE:124 [INFO]- "GET /docs/ HTTP/1.1" 200 57
2020-10-14 10:38:02,715 FuncName:log_message LINE:124 [INFO]- "GET /favicon.ico HTTP/1.1" 200 57
2020-10-14 10:38:09,426 FuncName:log_message LINE:124 [INFO]- "GET /docs/ HTTP/1.1" 200 57
2020-10-14 10:38:09,448 FuncName:log_message LINE:124 [INFO]- "GET /favicon.ico HTTP/1.1" 200 57
2020-10-14 10:39:12,281 FuncName:log_message LINE:124 [INFO]- "GET /docs/ HTTP/1.1" 200 57
2020-10-14 10:39:12,302 FuncName:log_message LINE:124 [INFO]- "GET /favicon.ico HTTP/1.1" 200 57
2020-10-14 10:39:24,996 FuncName:log_message LINE:124 [INFO]- "GET / HTTP/1.1" 200 57
2020-10-14 10:39:25,034 FuncName:log_message LINE:124 [INFO]- "GET /favicon.ico HTTP/1.1" 200 57
2020-10-14 10:39:35,645 FuncName:log_message LINE:124 [WARNING]- "GET /api/sys/docs HTTP/1.1" 403 1881
2020-10-14 10:39:35,660 FuncName:log_message LINE:124 [INFO]- "GET /static/rest_framework/js/jquery-3.3.1.min.js HTTP/1.1" 200 86927
2020-10-14 10:39:35,718 FuncName:log_message LINE:124 [INFO]- "GET /favicon.ico HTTP/1.1" 200 57
2020-10-14 10:41:53,702 FuncName:log_message LINE:124 [INFO]- "GET / HTTP/1.1" 200 57
2020-10-14 10:41:53,719 FuncName:log_message LINE:124 [INFO]- "GET /favicon.ico HTTP/1.1" 200 57
2020-10-14 10:41:56,027 FuncName:log_message LINE:124 [INFO]- "GET / HTTP/1.1" 200 57
2020-10-14 10:41:56,040 FuncName:log_message LINE:124 [INFO]- "GET /favicon.ico HTTP/1.1" 200 57
2020-10-14 10:42:00,239 FuncName:log_message LINE:124 [INFO]- "GET /docs HTTP/1.1" 200 57
2020-10-14 10:42:00,252 FuncName:log_message LINE:124 [INFO]- "GET /favicon.ico HTTP/1.1" 200 57
2020-10-14 10:42:02,703 FuncName:log_message LINE:124 [INFO]- "GET /docs HTTP/1.1" 200 57
2020-10-14 10:42:02,716 FuncName:log_message LINE:124 [INFO]- "GET /favicon.ico HTTP/1.1" 200 57
2020-10-14 10:42:11,997 FuncName:log_message LINE:124 [INFO]- "GET /admin HTTP/1.1" 301 0
2020-10-14 10:42:12,002 FuncName:log_message LINE:124 [INFO]- "GET /admin/ HTTP/1.1" 200 57
2020-10-14 10:42:12,015 FuncName:log_message LINE:124 [INFO]- "GET /favicon.ico HTTP/1.1" 200 57
2020-10-14 10:42:15,260 FuncName:log_message LINE:124 [INFO]- "GET /admin/ HTTP/1.1" 200 57
2020-10-14 10:42:15,275 FuncName:log_message LINE:124 [INFO]- "GET /favicon.ico HTTP/1.1" 200 57
2020-10-14 10:42:31,078 FuncName:log_message LINE:124 [INFO]- "GET /admin/ HTTP/1.1" 200 57
2020-10-14 10:42:31,092 FuncName:log_message LINE:124 [INFO]- "GET /favicon.ico HTTP/1.1" 200 57
2020-10-14 10:42:33,453 FuncName:log_message LINE:124 [INFO]- "GET /admin/ HTTP/1.1" 200 57
2020-10-14 10:42:33,466 FuncName:log_message LINE:124 [INFO]- "GET /favicon.ico HTTP/1.1" 200 57
2020-10-14 10:42:39,562 FuncName:log_message LINE:124 [WARNING]- "GET /docs HTTP/1.1" 403 1881
2020-10-14 10:42:39,601 FuncName:log_message LINE:124 [INFO]- "GET /favicon.ico HTTP/1.1" 200 57
2020-10-14 10:43:14,499 FuncName:log_message LINE:124 [WARNING]- "GET /docs HTTP/1.1" 403 1881
2020-10-14 10:43:14,521 FuncName:log_message LINE:124 [INFO]- "GET /favicon.ico HTTP/1.1" 200 57
2020-10-14 10:43:17,434 FuncName:log_message LINE:124 [INFO]- "GET /admin/ HTTP/1.1" 200 57
2020-10-14 10:43:18,040 FuncName:log_message LINE:124 [INFO]- "GET /favicon.ico HTTP/1.1" 200 57
2020-10-14 10:43:39,170 FuncName:log_message LINE:124 [INFO]- "GET /admin/ HTTP/1.1" 302 0
2020-10-14 10:43:39,174 FuncName:log_message LINE:124 [INFO]- "GET /admin/login/?next=/admin/ HTTP/1.1" 200 57
2020-10-14 10:43:39,190 FuncName:log_message LINE:124 [INFO]- "GET /favicon.ico HTTP/1.1" 200 57
2020-10-14 10:44:14,308 FuncName:log_message LINE:124 [INFO]- "GET /admin/ HTTP/1.1" 302 0
2020-10-14 10:44:14,313 FuncName:log_message LINE:124 [INFO]- "GET /admin/login/?next=/admin/ HTTP/1.1" 200 57
2020-10-14 10:44:14,327 FuncName:log_message LINE:124 [INFO]- "GET /favicon.ico HTTP/1.1" 200 57
2020-10-14 10:44:36,189 FuncName:log_message LINE:124 [INFO]- "GET /admin/ HTTP/1.1" 200 57
2020-10-14 10:44:36,209 FuncName:log_message LINE:124 [INFO]- "GET /favicon.ico HTTP/1.1" 200 57
2020-10-14 10:44:56,237 FuncName:log_message LINE:124 [INFO]- "GET /admin/ HTTP/1.1" 302 0
2020-10-14 10:44:56,241 FuncName:log_message LINE:124 [INFO]- "GET /admin/login/?next=/admin/ HTTP/1.1" 200 57
2020-10-14 10:44:56,255 FuncName:log_message LINE:124 [INFO]- "GET /favicon.ico HTTP/1.1" 200 57
2020-10-14 10:45:18,725 FuncName:log_message LINE:124 [INFO]- "GET /admin/ HTTP/1.1" 302 0
2020-10-14 10:45:18,729 FuncName:log_message LINE:124 [INFO]- "GET /admin/login/?next=/admin/ HTTP/1.1" 200 57
2020-10-14 10:45:18,743 FuncName:log_message LINE:124 [INFO]- "GET /favicon.ico HTTP/1.1" 200 57
2020-10-14 10:45:47,085 FuncName:log_message LINE:124 [WARNING]- "GET /docs HTTP/1.1" 403 1881
2020-10-14 10:45:47,925 FuncName:log_message LINE:124 [INFO]- "GET /favicon.ico HTTP/1.1" 200 57
2020-10-16 11:01:33,217 FuncName:log_message LINE:124 [INFO]- "GET / HTTP/1.1" 200 57
2020-10-16 11:01:33,874 FuncName:log_message LINE:124 [INFO]- "GET /favicon.ico HTTP/1.1" 200 57
2020-10-16 11:01:38,290 FuncName:log_message LINE:124 [WARNING]- "GET /docs HTTP/1.1" 403 1881
2020-10-16 11:01:56,187 FuncName:log_message LINE:124 [INFO]- "GET /api/sys/sendemail HTTP/1.1" 200 57
2020-10-16 11:01:56,203 FuncName:log_message LINE:124 [INFO]- "GET /favicon.ico HTTP/1.1" 200 57
2020-10-16 11:02:29,143 FuncName:log_message LINE:124 [INFO]- "GET /api/sys/sendemail HTTP/1.1" 200 13
2020-10-16 11:02:29,161 FuncName:log_message LINE:124 [INFO]- "GET /favicon.ico HTTP/1.1" 200 57
